TN:
SF:routes/apiv1.js
FN:12,(anonymous_1)
FN:24,(anonymous_2)
FNF:2
FNH:2
FNDA:4,(anonymous_1)
FNDA:3,(anonymous_2)
DA:2,1
DA:3,1
DA:4,1
DA:6,1
DA:10,1
DA:12,1
DA:13,4
DA:14,4
DA:15,1
DA:18,3
DA:20,3
DA:25,3
DA:26,1
DA:29,2
DA:30,1
DA:31,1
DA:32,1
DA:34,1
DA:40,1
DA:74,1
LF:20
LH:20
BRDA:14,1,0,1
BRDA:14,1,1,3
BRDA:14,2,0,4
BRDA:14,2,1,4
BRDA:25,3,0,1
BRDA:25,3,1,2
BRDA:29,4,0,1
BRDA:29,4,1,1
BRF:8
BRH:8
end_of_record
SF:routes/apiv2.js
FN:12,(anonymous_1)
FN:24,(anonymous_2)
FNF:2
FNH:2
FNDA:4,(anonymous_1)
FNDA:3,(anonymous_2)
DA:2,1
DA:3,1
DA:4,1
DA:6,1
DA:10,1
DA:12,1
DA:13,4
DA:14,4
DA:15,1
DA:18,3
DA:20,3
DA:25,3
DA:26,1
DA:29,2
DA:30,1
DA:31,1
DA:32,1
DA:34,1
DA:40,1
DA:74,1
LF:20
LH:20
BRDA:14,1,0,1
BRDA:14,1,1,3
BRDA:14,2,0,4
BRDA:14,2,1,4
BRDA:25,3,0,1
BRDA:25,3,1,2
BRDA:29,4,0,1
BRDA:29,4,1,1
BRF:8
BRH:8
end_of_record