<?xml version="1.0" encoding="UTF-8"?>
<!DOCTYPE report PUBLIC "-//JACOCO//DTD Report 1.0//EN" "report.dtd">
<report name="Mathematical Operations">
    <sessioninfo id="Jaimes-MacBook-Pro.local-b7ba099a" start="1512592405078" dump="1512592410479" />
    <sessioninfo id="Jaimes-MacBook-Pro.local-196dbeb0" start="1512592789117" dump="1512592794490" />
    <package name="">
        <class name="woot">
            <method name="&lt;init&gt;" desc="()V" line="2">
                <counter type="INSTRUCTION" missed="3" covered="0" />
                <counter type="LINE" missed="1" covered="0" />
                <counter type="COMPLEXITY" missed="1" covered="0" />
                <counter type="METHOD" missed="1" covered="0" />
            </method>
            <counter type="INSTRUCTION" missed="3" covered="0" />
            <counter type="LINE" missed="1" covered="0" />
            <counter type="COMPLEXITY" missed="1" covered="0" />
            <counter type="METHOD" missed="1" covered="0" />
            <counter type="CLASS" missed="1" covered="0" />
        </class>
        <sourcefile name="woot.java">
            <line nr="2" mi="3" ci="0" mb="0" cb="0" />
            <counter type="INSTRUCTION" missed="3" covered="0" />
            <counter type="LINE" missed="1" covered="0" />
            <counter type="COMPLEXITY" missed="1" covered="0" />
            <counter type="METHOD" missed="1" covered="0" />
            <counter type="CLASS" missed="1" covered="0" />
        </sourcefile>
        <counter type="INSTRUCTION" missed="3" covered="0" />
        <counter type="LINE" missed="1" covered="0" />
        <counter type="COMPLEXITY" missed="1" covered="0" />
        <counter type="METHOD" missed="1" covered="0" />
        <counter type="CLASS" missed="1" covered="0" />
    </package>
    <package name="math/operation">
        <class name="math/operation/ArithmeticOperations">
            <method name="&lt;init&gt;" desc="()V" line="3">
                <counter type="INSTRUCTION" missed="0" covered="3" />
                <counter type="LINE" missed="0" covered="1" />
                <counter type="COMPLEXITY" missed="0" covered="1" />
                <counter type="METHOD" missed="0" covered="1" />
            </method>
            <method name="add" desc="(Ljava/lang/Integer;Ljava/lang/Integer;)Ljava/lang/Integer;" line="7">
                <counter type="INSTRUCTION" missed="0" covered="7" />
                <counter type="LINE" missed="0" covered="1" />
                <counter type="COMPLEXITY" missed="0" covered="1" />
                <counter type="METHOD" missed="0" covered="1" />
            </method>
            <counter type="INSTRUCTION" missed="0" covered="10" />
            <counter type="LINE" missed="0" covered="2" />
            <counter type="COMPLEXITY" missed="0" covered="2" />
            <counter type="METHOD" missed="0" covered="2" />
            <counter type="CLASS" missed="0" covered="1" />
        </class>
        <sourcefile name="ArithmeticOperations.java">
            <line nr="3" mi="0" ci="3" mb="0" cb="0" />
            <line nr="7" mi="0" ci="7" mb="0" cb="0" />
            <counter type="INSTRUCTION" missed="0" covered="10" />
            <counter type="LINE" missed="0" covered="2" />
            <counter type="COMPLEXITY" missed="0" covered="2" />
            <counter type="METHOD" missed="0" covered="2" />
            <counter type="CLASS" missed="0" covered="1" />
        </sourcefile>
        <counter type="INSTRUCTION" missed="0" covered="10" />
        <counter type="LINE" missed="0" covered="2" />
        <counter type="COMPLEXITY" missed="0" covered="2" />
        <counter type="METHOD" missed="0" covered="2" />
        <counter type="CLASS" missed="0" covered="1" />
    </package>
    <counter type="INSTRUCTION" missed="3" covered="10" />
    <counter type="LINE" missed="1" covered="2" />
    <counter type="COMPLEXITY" missed="1" covered="2" />
    <counter type="METHOD" missed="1" covered="2" />
    <counter type="CLASS" missed="1" covered="1" />
</report>